#
# A fatal error has been detected by the Java Runtime Environment:
#
#  SIGSEGV (0xb) at pc=0x00007f1f540007d0, pid=20786, tid=21932
#
# JRE version: OpenJDK Runtime Environment (14.0+36) (build 14+36-1461)
# Java VM: OpenJDK 64-Bit Server VM (14+36-1461, mixed mode, sharing, tiered, compressed oops, g1 gc, linux-amd64)
# Problematic frame:
# C  0x00007f1f540007d0
#
# Core dump will be written. Default location: Core dumps may be processed with "/usr/share/apport/apport %p %s %c %d %P %E" (or dumping to /home/daniel/sp_mig/incubator-streampipes/core.20786)
#
# If you would like to submit a bug report, please visit:
#   https://bugreport.java.com/bugreport/crash.jsp
# The crash happened outside the Java Virtual Machine in native code.
# See problematic frame for where to report the bug.
#

---------------  S U M M A R Y ------------

Command Line: -agentlib:jdwp=transport=dt_socket,address=127.0.0.1:45875,suspend=y,server=n -javaagent:/snap/intellij-idea-ultimate/240/plugins/java/lib/rt/debugger-agent.jar -Dfile.encoding=UTF-8 org.apache.streampipes.example.main.Init

Host: AMD Ryzen 5 3600 6-Core Processor, 4 cores, 9G, 